<?xml version="1.0" encoding="UTF-8"?>
<testng-results skipped="0" failed="0" ignored="0" total="10" passed="10">
  <reporter-output>
  </reporter-output>
  <suite name="book-flight-module" duration-ms="26722" started-at="2019-11-20T21:41:20Z" finished-at="2019-11-20T21:41:46Z">
    <groups>
    </groups>
    <test name="bookFlight_2" duration-ms="15232" started-at="2019-11-20T21:41:20Z" finished-at="2019-11-20T21:41:35Z">
      <class name="com.newtours.tests.BookFlightTest">
        <test-method status="PASS" signature="setupDriver(org.testng.ITestContext)[pri:0, instance:com.newtours.tests.BookFlightTest@6b71769e]" name="setupDriver" is-config="true" duration-ms="4354" started-at="2019-11-20T21:41:20Z" finished-at="2019-11-20T21:41:24Z">
          <params>
            <param index="0">
              <value>
                <![CDATA[org.testng.TestRunner@3fb6a447]]>
              </value>
            </param>
          </params>
          <reporter-output>
          </reporter-output>
        </test-method> <!-- setupDriver -->
        <test-method status="PASS" signature="settinUpParameters(java.lang.String, java.lang.String)[pri:0, instance:com.newtours.tests.BookFlightTest@6b71769e]" name="settinUpParameters" is-config="true" duration-ms="1" started-at="2019-11-20T21:41:24Z" depends-on-methods="com.Tests.BaseTest.setupDriver" finished-at="2019-11-20T21:41:24Z">
          <params>
            <param index="0">
              <value>
                <![CDATA[2]]>
              </value>
            </param>
            <param index="1">
              <value>
                <![CDATA[$1169 USD]]>
              </value>
            </param>
          </params>
          <reporter-output>
          </reporter-output>
        </test-method> <!-- settinUpParameters -->
        <test-method status="PASS" signature="registrationPageTest()[pri:0, instance:com.newtours.tests.BookFlightTest@6b71769e]" name="registrationPageTest" duration-ms="3824" started-at="2019-11-20T21:41:24Z" finished-at="2019-11-20T21:41:28Z">
          <reporter-output>
          </reporter-output>
        </test-method> <!-- registrationPageTest -->
        <test-method status="PASS" signature="registrationConfirmationPage()[pri:0, instance:com.newtours.tests.BookFlightTest@6b71769e]" name="registrationConfirmationPage" duration-ms="1175" started-at="2019-11-20T21:41:28Z" depends-on-methods="com.newtours.tests.BookFlightTest.registrationPageTest" finished-at="2019-11-20T21:41:29Z">
          <reporter-output>
          </reporter-output>
        </test-method> <!-- registrationConfirmationPage -->
        <test-method status="PASS" signature="flightDetailsPage()[pri:0, instance:com.newtours.tests.BookFlightTest@6b71769e]" name="flightDetailsPage" duration-ms="1346" started-at="2019-11-20T21:41:29Z" depends-on-methods="com.newtours.tests.BookFlightTest.registrationConfirmationPage" finished-at="2019-11-20T21:41:30Z">
          <reporter-output>
          </reporter-output>
        </test-method> <!-- flightDetailsPage -->
        <test-method status="PASS" signature="findFlightsPage()[pri:0, instance:com.newtours.tests.BookFlightTest@6b71769e]" name="findFlightsPage" duration-ms="2588" started-at="2019-11-20T21:41:30Z" depends-on-methods="com.newtours.tests.BookFlightTest.flightDetailsPage" finished-at="2019-11-20T21:41:33Z">
          <reporter-output>
          </reporter-output>
        </test-method> <!-- findFlightsPage -->
        <test-method status="PASS" signature="flightConfirmationPage()[pri:0, instance:com.newtours.tests.BookFlightTest@6b71769e]" name="flightConfirmationPage" duration-ms="1419" started-at="2019-11-20T21:41:33Z" depends-on-methods="com.newtours.tests.BookFlightTest.findFlightsPage" finished-at="2019-11-20T21:41:34Z">
          <reporter-output>
          </reporter-output>
        </test-method> <!-- flightConfirmationPage -->
        <test-method status="PASS" signature="quitBrowser()[pri:0, instance:com.newtours.tests.BookFlightTest@6b71769e]" name="quitBrowser" is-config="true" duration-ms="514" started-at="2019-11-20T21:41:34Z" finished-at="2019-11-20T21:41:35Z">
          <reporter-output>
          </reporter-output>
        </test-method> <!-- quitBrowser -->
      </class> <!-- com.newtours.tests.BookFlightTest -->
    </test> <!-- bookFlight_2 -->
    <test name="bookFlight_1" duration-ms="26722" started-at="2019-11-20T21:41:20Z" finished-at="2019-11-20T21:41:46Z">
      <class name="com.newtours.tests.BookFlightTest">
        <test-method status="PASS" signature="setupDriver(org.testng.ITestContext)[pri:0, instance:com.newtours.tests.BookFlightTest@16c0663d]" name="setupDriver" is-config="true" duration-ms="16823" started-at="2019-11-20T21:41:20Z" finished-at="2019-11-20T21:41:36Z">
          <params>
            <param index="0">
              <value>
                <![CDATA[org.testng.TestRunner@79b4d0f]]>
              </value>
            </param>
          </params>
          <reporter-output>
          </reporter-output>
        </test-method> <!-- setupDriver -->
        <test-method status="PASS" signature="settinUpParameters(java.lang.String, java.lang.String)[pri:0, instance:com.newtours.tests.BookFlightTest@16c0663d]" name="settinUpParameters" is-config="true" duration-ms="0" started-at="2019-11-20T21:41:36Z" depends-on-methods="com.Tests.BaseTest.setupDriver" finished-at="2019-11-20T21:41:36Z">
          <params>
            <param index="0">
              <value>
                <![CDATA[2]]>
              </value>
            </param>
            <param index="1">
              <value>
                <![CDATA[$1169 USD]]>
              </value>
            </param>
          </params>
          <reporter-output>
          </reporter-output>
        </test-method> <!-- settinUpParameters -->
        <test-method status="PASS" signature="registrationPageTest()[pri:0, instance:com.newtours.tests.BookFlightTest@16c0663d]" name="registrationPageTest" duration-ms="3501" started-at="2019-11-20T21:41:36Z" finished-at="2019-11-20T21:41:40Z">
          <reporter-output>
          </reporter-output>
        </test-method> <!-- registrationPageTest -->
        <test-method status="PASS" signature="registrationConfirmationPage()[pri:0, instance:com.newtours.tests.BookFlightTest@16c0663d]" name="registrationConfirmationPage" duration-ms="897" started-at="2019-11-20T21:41:40Z" depends-on-methods="com.newtours.tests.BookFlightTest.registrationPageTest" finished-at="2019-11-20T21:41:41Z">
          <reporter-output>
          </reporter-output>
        </test-method> <!-- registrationConfirmationPage -->
        <test-method status="PASS" signature="flightDetailsPage()[pri:0, instance:com.newtours.tests.BookFlightTest@16c0663d]" name="flightDetailsPage" duration-ms="1164" started-at="2019-11-20T21:41:41Z" depends-on-methods="com.newtours.tests.BookFlightTest.registrationConfirmationPage" finished-at="2019-11-20T21:41:42Z">
          <reporter-output>
          </reporter-output>
        </test-method> <!-- flightDetailsPage -->
        <test-method status="PASS" signature="findFlightsPage()[pri:0, instance:com.newtours.tests.BookFlightTest@16c0663d]" name="findFlightsPage" duration-ms="2302" started-at="2019-11-20T21:41:42Z" depends-on-methods="com.newtours.tests.BookFlightTest.flightDetailsPage" finished-at="2019-11-20T21:41:44Z">
          <reporter-output>
          </reporter-output>
        </test-method> <!-- findFlightsPage -->
        <test-method status="PASS" signature="flightConfirmationPage()[pri:0, instance:com.newtours.tests.BookFlightTest@16c0663d]" name="flightConfirmationPage" duration-ms="1404" started-at="2019-11-20T21:41:44Z" depends-on-methods="com.newtours.tests.BookFlightTest.findFlightsPage" finished-at="2019-11-20T21:41:46Z">
          <reporter-output>
          </reporter-output>
        </test-method> <!-- flightConfirmationPage -->
        <test-method status="PASS" signature="quitBrowser()[pri:0, instance:com.newtours.tests.BookFlightTest@16c0663d]" name="quitBrowser" is-config="true" duration-ms="630" started-at="2019-11-20T21:41:46Z" finished-at="2019-11-20T21:41:46Z">
          <reporter-output>
          </reporter-output>
        </test-method> <!-- quitBrowser -->
      </class> <!-- com.newtours.tests.BookFlightTest -->
    </test> <!-- bookFlight_1 -->
  </suite> <!-- book-flight-module -->
</testng-results>
